INFO:     Started server process [471098]
INFO:     Waiting for application startup.
INFO:     Application startup complete.
INFO:     Uvicorn running on http://0.0.0.0:8001 (Press CTRL+C to quit)
INFO:     127.0.0.1:51666 - "GET /total-core-v2 HTTP/1.1" 200 OK
INFO:     127.0.0.1:51666 - "GET /static/total-core-v2.js HTTP/1.1" 200 OK
INFO:     127.0.0.1:51666 - "GET /favicon.ico HTTP/1.1" 404 Not Found
INFO:     127.0.0.1:51710 - "GET / HTTP/1.1" 200 OK
INFO:     127.0.0.1:51710 - "GET /static/styles.css HTTP/1.1" 200 OK
INFO:     127.0.0.1:51712 - "GET /static/fetch-history.js HTTP/1.1" 200 OK
INFO:     127.0.0.1:51712 - "GET /api/data-coverage?exchange=kraken&symbol=BTC%2FUSD HTTP/1.1" 200 OK
INFO:     127.0.0.1:51712 - "GET /total-core-v2 HTTP/1.1" 200 OK
INFO:     127.0.0.1:51712 - "GET /static/total-core-v2.js HTTP/1.1" 200 OK
INFO:     127.0.0.1:51674 - "GET /total-core-v2 HTTP/1.1" 200 OK
INFO:     127.0.0.1:51674 - "GET /static/total-core-v2.js HTTP/1.1" 200 OK
INFO:     127.0.0.1:58404 - "GET /total-core-v2 HTTP/1.1" 200 OK
INFO:     127.0.0.1:58404 - "GET /static/total-core-v2.js HTTP/1.1" 200 OK
INFO:     127.0.0.1:58404 - "GET /api/footprint/candles?symbol=BTCUSDT&exchange=binance&timeframe=1m&tick_size=1&ticks_per_row=1&limit=100&start_time=1764979200000 HTTP/1.1" 200 OK
INFO:     127.0.0.1:58058 - "GET /total-core-v2 HTTP/1.1" 200 OK
INFO:     127.0.0.1:58058 - "GET /static/total-core-v2.js HTTP/1.1" 200 OK
INFO:     127.0.0.1:58058 - "GET /api/footprint/candles?symbol=BTCUSDT&exchange=binance&timeframe=1m&tick_size=1&ticks_per_row=1&limit=100&start_time=1764979200000 HTTP/1.1" 200 OK
INFO:     127.0.0.1:50208 - "GET /total-core-v2 HTTP/1.1" 200 OK
INFO:     127.0.0.1:50208 - "GET /static/total-core-v2.js HTTP/1.1" 200 OK
INFO:     127.0.0.1:50208 - "GET /api/footprint/candles?symbol=BTCUSDT&exchange=binance&timeframe=1m&tick_size=1&ticks_per_row=1&limit=100&start_time=1764979200000 HTTP/1.1" 200 OK
INFO:     127.0.0.1:44910 - "GET /api/footprint/candles?symbol=BTCUSDT&exchange=bybit&timeframe=1m&tick_size=1&ticks_per_row=1&limit=100&start_time=1764979200000 HTTP/1.1" 200 OK
INFO:     127.0.0.1:56792 - "GET /api/footprint/candles?symbol=BTCUSDT&exchange=bybit&timeframe=1m&tick_size=1&ticks_per_row=1&limit=100&start_time=1764201600000 HTTP/1.1" 200 OK
INFO:     127.0.0.1:50750 - "GET /api/footprint/candles?symbol=BTCUSDT&exchange=bybit&timeframe=1m&tick_size=1&ticks_per_row=1&limit=5 HTTP/1.1" 200 OK
INFO:     127.0.0.1:41778 - "GET /api/footprint/candles?symbol=BTCUSDT&exchange=bybit&timeframe=1m&tick_size=1&ticks_per_row=1&limit=3 HTTP/1.1" 200 OK
INFO:     127.0.0.1:36432 - "GET /total-core-v2 HTTP/1.1" 200 OK
INFO:     127.0.0.1:36432 - "GET /static/total-core-v2.js HTTP/1.1" 200 OK
INFO:     127.0.0.1:36438 - "GET /favicon.ico HTTP/1.1" 404 Not Found
INFO:     127.0.0.1:36432 - "GET /api/footprint/candles?symbol=BTCUSDT&exchange=binance&timeframe=1m&tick_size=1&ticks_per_row=1&limit=100&start_time=1764979200000 HTTP/1.1" 200 OK
INFO:     127.0.0.1:39128 - "GET /api/footprint/candles?symbol=BTCUSDT&exchange=bybit&timeframe=1m&tick_size=1&ticks_per_row=1&limit=100&start_time=1764979200000 HTTP/1.1" 200 OK
INFO:     127.0.0.1:58094 - "GET /total-core-v2 HTTP/1.1" 200 OK
INFO:     127.0.0.1:58094 - "GET /static/total-core-v2.js HTTP/1.1" 200 OK
INFO:     127.0.0.1:58094 - "GET /api/footprint/candles?symbol=BTCUSDT&exchange=binance&timeframe=1m&tick_size=1&ticks_per_row=1&limit=100&start_time=1764979200000 HTTP/1.1" 200 OK
INFO:     127.0.0.1:58108 - "GET /api/footprint/candles?symbol=BTCUSDT&exchange=bybit&timeframe=1m&tick_size=1&ticks_per_row=1&limit=100&start_time=1764979200000 HTTP/1.1" 200 OK
INFO:     127.0.0.1:48914 - "POST /api/orderbook/start?exchange=bybit&symbol=BTC%2FUSDT%3AUSDT HTTP/1.1" 200 OK
INFO:     127.0.0.1:48924 - "WebSocket /api/orderbook/stream" [accepted]
INFO:     connection open
Error in order book stream: bybit watchOrderBookForSymbols(): for swap markets limit can be one of: [1,50,200,1000]
Error in order book stream: bybit watchOrderBookForSymbols(): for swap markets limit can be one of: [1,50,200,1000]
Error in order book stream: bybit watchOrderBookForSymbols(): for swap markets limit can be one of: [1,50,200,1000]
Error in order book stream: bybit watchOrderBookForSymbols(): for swap markets limit can be one of: [1,50,200,1000]
Error in order book stream: bybit watchOrderBookForSymbols(): for swap markets limit can be one of: [1,50,200,1000]
Error in order book stream: bybit watchOrderBookForSymbols(): for swap markets limit can be one of: [1,50,200,1000]
Error in order book stream: bybit watchOrderBookForSymbols(): for swap markets limit can be one of: [1,50,200,1000]
Error in order book stream: bybit watchOrderBookForSymbols(): for swap markets limit can be one of: [1,50,200,1000]
Error in order book stream: bybit watchOrderBookForSymbols(): for swap markets limit can be one of: [1,50,200,1000]
Error in order book stream: bybit watchOrderBookForSymbols(): for swap markets limit can be one of: [1,50,200,1000]
Error in order book stream: bybit watchOrderBookForSymbols(): for swap markets limit can be one of: [1,50,200,1000]
Error in order book stream: bybit watchOrderBookForSymbols(): for swap markets limit can be one of: [1,50,200,1000]
Error in order book stream: bybit watchOrderBookForSymbols(): for swap markets limit can be one of: [1,50,200,1000]
Error in order book stream: bybit watchOrderBookForSymbols(): for swap markets limit can be one of: [1,50,200,1000]
Error in order book stream: bybit watchOrderBookForSymbols(): for swap markets limit can be one of: [1,50,200,1000]
Error in order book stream: bybit watchOrderBookForSymbols(): for swap markets limit can be one of: [1,50,200,1000]
Error in order book stream: bybit watchOrderBookForSymbols(): for swap markets limit can be one of: [1,50,200,1000]
Error in order book stream: bybit watchOrderBookForSymbols(): for swap markets limit can be one of: [1,50,200,1000]
Error in order book stream: bybit watchOrderBookForSymbols(): for swap markets limit can be one of: [1,50,200,1000]
Error in order book stream: bybit watchOrderBookForSymbols(): for swap markets limit can be one of: [1,50,200,1000]
Error in order book stream: bybit watchOrderBookForSymbols(): for swap markets limit can be one of: [1,50,200,1000]
Error in order book stream: bybit watchOrderBookForSymbols(): for swap markets limit can be one of: [1,50,200,1000]
Error in order book stream: bybit watchOrderBookForSymbols(): for swap markets limit can be one of: [1,50,200,1000]
Error in order book stream: bybit watchOrderBookForSymbols(): for swap markets limit can be one of: [1,50,200,1000]
Error in order book stream: bybit watchOrderBookForSymbols(): for swap markets limit can be one of: [1,50,200,1000]
Error in order book stream: bybit watchOrderBookForSymbols(): for swap markets limit can be one of: [1,50,200,1000]
Error in order book stream: bybit watchOrderBookForSymbols(): for swap markets limit can be one of: [1,50,200,1000]
Error in order book stream: bybit watchOrderBookForSymbols(): for swap markets limit can be one of: [1,50,200,1000]
Error in order book stream: bybit watchOrderBookForSymbols(): for swap markets limit can be one of: [1,50,200,1000]
Error in order book stream: bybit watchOrderBookForSymbols(): for swap markets limit can be one of: [1,50,200,1000]
Error in order book stream: bybit watchOrderBookForSymbols(): for swap markets limit can be one of: [1,50,200,1000]
Error in order book stream: bybit watchOrderBookForSymbols(): for swap markets limit can be one of: [1,50,200,1000]
Error in order book stream: bybit watchOrderBookForSymbols(): for swap markets limit can be one of: [1,50,200,1000]
Error in order book stream: bybit watchOrderBookForSymbols(): for swap markets limit can be one of: [1,50,200,1000]
Error in order book stream: bybit watchOrderBookForSymbols(): for swap markets limit can be one of: [1,50,200,1000]
Error in order book stream: bybit watchOrderBookForSymbols(): for swap markets limit can be one of: [1,50,200,1000]
Error in order book stream: bybit watchOrderBookForSymbols(): for swap markets limit can be one of: [1,50,200,1000]
Error in order book stream: bybit watchOrderBookForSymbols(): for swap markets limit can be one of: [1,50,200,1000]
Error in order book stream: bybit watchOrderBookForSymbols(): for swap markets limit can be one of: [1,50,200,1000]
Error in order book stream: bybit watchOrderBookForSymbols(): for swap markets limit can be one of: [1,50,200,1000]
Error in order book stream: bybit watchOrderBookForSymbols(): for swap markets limit can be one of: [1,50,200,1000]
Error in order book stream: bybit watchOrderBookForSymbols(): for swap markets limit can be one of: [1,50,200,1000]
Error in order book stream: bybit watchOrderBookForSymbols(): for swap markets limit can be one of: [1,50,200,1000]
Error in order book stream: bybit watchOrderBookForSymbols(): for swap markets limit can be one of: [1,50,200,1000]
Error in order book stream: bybit watchOrderBookForSymbols(): for swap markets limit can be one of: [1,50,200,1000]
Error in order book stream: bybit watchOrderBookForSymbols(): for swap markets limit can be one of: [1,50,200,1000]
Error in order book stream: bybit watchOrderBookForSymbols(): for swap markets limit can be one of: [1,50,200,1000]
Error in order book stream: bybit watchOrderBookForSymbols(): for swap markets limit can be one of: [1,50,200,1000]
Error in order book stream: bybit watchOrderBookForSymbols(): for swap markets limit can be one of: [1,50,200,1000]
Error in order book stream: bybit watchOrderBookForSymbols(): for swap markets limit can be one of: [1,50,200,1000]
Error in order book stream: bybit watchOrderBookForSymbols(): for swap markets limit can be one of: [1,50,200,1000]
Error in order book stream: bybit watchOrderBookForSymbols(): for swap markets limit can be one of: [1,50,200,1000]
Error in order book stream: bybit watchOrderBookForSymbols(): for swap markets limit can be one of: [1,50,200,1000]
Error in order book stream: bybit watchOrderBookForSymbols(): for swap markets limit can be one of: [1,50,200,1000]
Error in order book stream: bybit watchOrderBookForSymbols(): for swap markets limit can be one of: [1,50,200,1000]
Error in order book stream: bybit watchOrderBookForSymbols(): for swap markets limit can be one of: [1,50,200,1000]
Error in order book stream: bybit watchOrderBookForSymbols(): for swap markets limit can be one of: [1,50,200,1000]
Error in order book stream: bybit watchOrderBookForSymbols(): for swap markets limit can be one of: [1,50,200,1000]
Error in order book stream: bybit watchOrderBookForSymbols(): for swap markets limit can be one of: [1,50,200,1000]
INFO:     127.0.0.1:45266 - "GET /api/orderbook/latest HTTP/1.1" 200 OK
Error in order book stream: bybit watchOrderBookForSymbols(): for swap markets limit can be one of: [1,50,200,1000]
Error in order book stream: bybit watchOrderBookForSymbols(): for swap markets limit can be one of: [1,50,200,1000]
Error in order book stream: bybit watchOrderBookForSymbols(): for swap markets limit can be one of: [1,50,200,1000]
Error in order book stream: bybit watchOrderBookForSymbols(): for swap markets limit can be one of: [1,50,200,1000]
Error in order book stream: bybit watchOrderBookForSymbols(): for swap markets limit can be one of: [1,50,200,1000]
Error in order book stream: bybit watchOrderBookForSymbols(): for swap markets limit can be one of: [1,50,200,1000]
Error in order book stream: bybit watchOrderBookForSymbols(): for swap markets limit can be one of: [1,50,200,1000]
Error in order book stream: bybit watchOrderBookForSymbols(): for swap markets limit can be one of: [1,50,200,1000]
Error in order book stream: bybit watchOrderBookForSymbols(): for swap markets limit can be one of: [1,50,200,1000]
Error in order book stream: bybit watchOrderBookForSymbols(): for swap markets limit can be one of: [1,50,200,1000]
Error in order book stream: bybit watchOrderBookForSymbols(): for swap markets limit can be one of: [1,50,200,1000]
Error in order book stream: bybit watchOrderBookForSymbols(): for swap markets limit can be one of: [1,50,200,1000]
Error in order book stream: bybit watchOrderBookForSymbols(): for swap markets limit can be one of: [1,50,200,1000]
Error in order book stream: bybit watchOrderBookForSymbols(): for swap markets limit can be one of: [1,50,200,1000]
Error in order book stream: bybit watchOrderBookForSymbols(): for swap markets limit can be one of: [1,50,200,1000]
Error in order book stream: bybit watchOrderBookForSymbols(): for swap markets limit can be one of: [1,50,200,1000]
Error in order book stream: bybit watchOrderBookForSymbols(): for swap markets limit can be one of: [1,50,200,1000]
INFO:     127.0.0.1:42290 - "GET /api/orderbook/status HTTP/1.1" 200 OK
Error in order book stream: bybit watchOrderBookForSymbols(): for swap markets limit can be one of: [1,50,200,1000]
Error in order book stream: bybit watchOrderBookForSymbols(): for swap markets limit can be one of: [1,50,200,1000]
Error in order book stream: bybit watchOrderBookForSymbols(): for swap markets limit can be one of: [1,50,200,1000]
Error in order book stream: bybit watchOrderBookForSymbols(): for swap markets limit can be one of: [1,50,200,1000]
Error in order book stream: bybit watchOrderBookForSymbols(): for swap markets limit can be one of: [1,50,200,1000]
Error in order book stream: bybit watchOrderBookForSymbols(): for swap markets limit can be one of: [1,50,200,1000]
Error in order book stream: bybit watchOrderBookForSymbols(): for swap markets limit can be one of: [1,50,200,1000]
Error in order book stream: bybit watchOrderBookForSymbols(): for swap markets limit can be one of: [1,50,200,1000]
Error in order book stream: bybit watchOrderBookForSymbols(): for swap markets limit can be one of: [1,50,200,1000]
Error in order book stream: bybit watchOrderBookForSymbols(): for swap markets limit can be one of: [1,50,200,1000]
Error in order book stream: bybit watchOrderBookForSymbols(): for swap markets limit can be one of: [1,50,200,1000]
Error in order book stream: bybit watchOrderBookForSymbols(): for swap markets limit can be one of: [1,50,200,1000]
Error in order book stream: bybit watchOrderBookForSymbols(): for swap markets limit can be one of: [1,50,200,1000]
Error in order book stream: bybit watchOrderBookForSymbols(): for swap markets limit can be one of: [1,50,200,1000]
Error in order book stream: bybit watchOrderBookForSymbols(): for swap markets limit can be one of: [1,50,200,1000]
Error in order book stream: bybit watchOrderBookForSymbols(): for swap markets limit can be one of: [1,50,200,1000]
Error in order book stream: bybit watchOrderBookForSymbols(): for swap markets limit can be one of: [1,50,200,1000]
Error in order book stream: bybit watchOrderBookForSymbols(): for swap markets limit can be one of: [1,50,200,1000]
Error in order book stream: bybit watchOrderBookForSymbols(): for swap markets limit can be one of: [1,50,200,1000]
Error in order book stream: bybit watchOrderBookForSymbols(): for swap markets limit can be one of: [1,50,200,1000]
Error in order book stream: bybit watchOrderBookForSymbols(): for swap markets limit can be one of: [1,50,200,1000]
Error in order book stream: bybit watchOrderBookForSymbols(): for swap markets limit can be one of: [1,50,200,1000]
Error in order book stream: bybit watchOrderBookForSymbols(): for swap markets limit can be one of: [1,50,200,1000]
Error in order book stream: bybit watchOrderBookForSymbols(): for swap markets limit can be one of: [1,50,200,1000]
Error in order book stream: bybit watchOrderBookForSymbols(): for swap markets limit can be one of: [1,50,200,1000]
Error in order book stream: bybit watchOrderBookForSymbols(): for swap markets limit can be one of: [1,50,200,1000]
Error in order book stream: bybit watchOrderBookForSymbols(): for swap markets limit can be one of: [1,50,200,1000]
Error in order book stream: bybit watchOrderBookForSymbols(): for swap markets limit can be one of: [1,50,200,1000]
Error in order book stream: bybit watchOrderBookForSymbols(): for swap markets limit can be one of: [1,50,200,1000]
Error in order book stream: bybit watchOrderBookForSymbols(): for swap markets limit can be one of: [1,50,200,1000]
Error in order book stream: bybit watchOrderBookForSymbols(): for swap markets limit can be one of: [1,50,200,1000]
Error in order book stream: bybit watchOrderBookForSymbols(): for swap markets limit can be one of: [1,50,200,1000]
Error in order book stream: bybit watchOrderBookForSymbols(): for swap markets limit can be one of: [1,50,200,1000]
Error in order book stream: bybit watchOrderBookForSymbols(): for swap markets limit can be one of: [1,50,200,1000]
Error in order book stream: bybit watchOrderBookForSymbols(): for swap markets limit can be one of: [1,50,200,1000]
Error in order book stream: bybit watchOrderBookForSymbols(): for swap markets limit can be one of: [1,50,200,1000]
Error in order book stream: bybit watchOrderBookForSymbols(): for swap markets limit can be one of: [1,50,200,1000]
Error in order book stream: bybit watchOrderBookForSymbols(): for swap markets limit can be one of: [1,50,200,1000]
Error in order book stream: bybit watchOrderBookForSymbols(): for swap markets limit can be one of: [1,50,200,1000]
Error in order book stream: bybit watchOrderBookForSymbols(): for swap markets limit can be one of: [1,50,200,1000]
Error in order book stream: bybit watchOrderBookForSymbols(): for swap markets limit can be one of: [1,50,200,1000]
Error in order book stream: bybit watchOrderBookForSymbols(): for swap markets limit can be one of: [1,50,200,1000]
Error in order book stream: bybit watchOrderBookForSymbols(): for swap markets limit can be one of: [1,50,200,1000]
Error in order book stream: bybit watchOrderBookForSymbols(): for swap markets limit can be one of: [1,50,200,1000]
Error in order book stream: bybit watchOrderBookForSymbols(): for swap markets limit can be one of: [1,50,200,1000]
Error in order book stream: bybit watchOrderBookForSymbols(): for swap markets limit can be one of: [1,50,200,1000]
Error in order book stream: bybit watchOrderBookForSymbols(): for swap markets limit can be one of: [1,50,200,1000]
Error in order book stream: bybit watchOrderBookForSymbols(): for swap markets limit can be one of: [1,50,200,1000]
Error in order book stream: bybit watchOrderBookForSymbols(): for swap markets limit can be one of: [1,50,200,1000]
Error in order book stream: bybit watchOrderBookForSymbols(): for swap markets limit can be one of: [1,50,200,1000]
Error in order book stream: bybit watchOrderBookForSymbols(): for swap markets limit can be one of: [1,50,200,1000]
Error in order book stream: bybit watchOrderBookForSymbols(): for swap markets limit can be one of: [1,50,200,1000]
Error in order book stream: bybit watchOrderBookForSymbols(): for swap markets limit can be one of: [1,50,200,1000]
Error in order book stream: bybit watchOrderBookForSymbols(): for swap markets limit can be one of: [1,50,200,1000]
Error in order book stream: bybit watchOrderBookForSymbols(): for swap markets limit can be one of: [1,50,200,1000]
Error in order book stream: bybit watchOrderBookForSymbols(): for swap markets limit can be one of: [1,50,200,1000]
Error in order book stream: bybit watchOrderBookForSymbols(): for swap markets limit can be one of: [1,50,200,1000]
Error in order book stream: bybit watchOrderBookForSymbols(): for swap markets limit can be one of: [1,50,200,1000]
Error in order book stream: bybit watchOrderBookForSymbols(): for swap markets limit can be one of: [1,50,200,1000]
Error in order book stream: bybit watchOrderBookForSymbols(): for swap markets limit can be one of: [1,50,200,1000]
Error in order book stream: bybit watchOrderBookForSymbols(): for swap markets limit can be one of: [1,50,200,1000]
Error in order book stream: bybit watchOrderBookForSymbols(): for swap markets limit can be one of: [1,50,200,1000]
Error in order book stream: bybit watchOrderBookForSymbols(): for swap markets limit can be one of: [1,50,200,1000]
Error in order book stream: bybit watchOrderBookForSymbols(): for swap markets limit can be one of: [1,50,200,1000]
Error in order book stream: bybit watchOrderBookForSymbols(): for swap markets limit can be one of: [1,50,200,1000]
Error in order book stream: bybit watchOrderBookForSymbols(): for swap markets limit can be one of: [1,50,200,1000]
Error in order book stream: bybit watchOrderBookForSymbols(): for swap markets limit can be one of: [1,50,200,1000]
Error in order book stream: bybit watchOrderBookForSymbols(): for swap markets limit can be one of: [1,50,200,1000]
Error in order book stream: bybit watchOrderBookForSymbols(): for swap markets limit can be one of: [1,50,200,1000]
Error in order book stream: bybit watchOrderBookForSymbols(): for swap markets limit can be one of: [1,50,200,1000]
Error in order book stream: bybit watchOrderBookForSymbols(): for swap markets limit can be one of: [1,50,200,1000]
Error in order book stream: bybit watchOrderBookForSymbols(): for swap markets limit can be one of: [1,50,200,1000]
Error in order book stream: bybit watchOrderBookForSymbols(): for swap markets limit can be one of: [1,50,200,1000]
Error in order book stream: bybit watchOrderBookForSymbols(): for swap markets limit can be one of: [1,50,200,1000]
Error in order book stream: bybit watchOrderBookForSymbols(): for swap markets limit can be one of: [1,50,200,1000]
Error in order book stream: bybit watchOrderBookForSymbols(): for swap markets limit can be one of: [1,50,200,1000]
Error in order book stream: bybit watchOrderBookForSymbols(): for swap markets limit can be one of: [1,50,200,1000]
Error in order book stream: bybit watchOrderBookForSymbols(): for swap markets limit can be one of: [1,50,200,1000]
Error in order book stream: bybit watchOrderBookForSymbols(): for swap markets limit can be one of: [1,50,200,1000]
Error in order book stream: bybit watchOrderBookForSymbols(): for swap markets limit can be one of: [1,50,200,1000]
Error in order book stream: bybit watchOrderBookForSymbols(): for swap markets limit can be one of: [1,50,200,1000]
Error in order book stream: bybit watchOrderBookForSymbols(): for swap markets limit can be one of: [1,50,200,1000]
Error in order book stream: bybit watchOrderBookForSymbols(): for swap markets limit can be one of: [1,50,200,1000]
Error in order book stream: bybit watchOrderBookForSymbols(): for swap markets limit can be one of: [1,50,200,1000]
Error in order book stream: bybit watchOrderBookForSymbols(): for swap markets limit can be one of: [1,50,200,1000]
Error in order book stream: bybit watchOrderBookForSymbols(): for swap markets limit can be one of: [1,50,200,1000]
Error in order book stream: bybit watchOrderBookForSymbols(): for swap markets limit can be one of: [1,50,200,1000]
Error in order book stream: bybit watchOrderBookForSymbols(): for swap markets limit can be one of: [1,50,200,1000]
Error in order book stream: bybit watchOrderBookForSymbols(): for swap markets limit can be one of: [1,50,200,1000]
Error in order book stream: bybit watchOrderBookForSymbols(): for swap markets limit can be one of: [1,50,200,1000]
Error in order book stream: bybit watchOrderBookForSymbols(): for swap markets limit can be one of: [1,50,200,1000]
Error in order book stream: bybit watchOrderBookForSymbols(): for swap markets limit can be one of: [1,50,200,1000]
Error in order book stream: bybit watchOrderBookForSymbols(): for swap markets limit can be one of: [1,50,200,1000]
Error in order book stream: bybit watchOrderBookForSymbols(): for swap markets limit can be one of: [1,50,200,1000]
Error in order book stream: bybit watchOrderBookForSymbols(): for swap markets limit can be one of: [1,50,200,1000]
Error in order book stream: bybit watchOrderBookForSymbols(): for swap markets limit can be one of: [1,50,200,1000]
Error in order book stream: bybit watchOrderBookForSymbols(): for swap markets limit can be one of: [1,50,200,1000]
Error in order book stream: bybit watchOrderBookForSymbols(): for swap markets limit can be one of: [1,50,200,1000]
Error in order book stream: bybit watchOrderBookForSymbols(): for swap markets limit can be one of: [1,50,200,1000]
Error in order book stream: bybit watchOrderBookForSymbols(): for swap markets limit can be one of: [1,50,200,1000]
Error in order book stream: bybit watchOrderBookForSymbols(): for swap markets limit can be one of: [1,50,200,1000]
Error in order book stream: bybit watchOrderBookForSymbols(): for swap markets limit can be one of: [1,50,200,1000]
Error in order book stream: bybit watchOrderBookForSymbols(): for swap markets limit can be one of: [1,50,200,1000]
Error in order book stream: bybit watchOrderBookForSymbols(): for swap markets limit can be one of: [1,50,200,1000]
Error in order book stream: bybit watchOrderBookForSymbols(): for swap markets limit can be one of: [1,50,200,1000]
Error in order book stream: bybit watchOrderBookForSymbols(): for swap markets limit can be one of: [1,50,200,1000]
Error in order book stream: bybit watchOrderBookForSymbols(): for swap markets limit can be one of: [1,50,200,1000]
Error in order book stream: bybit watchOrderBookForSymbols(): for swap markets limit can be one of: [1,50,200,1000]
Error in order book stream: bybit watchOrderBookForSymbols(): for swap markets limit can be one of: [1,50,200,1000]
Error in order book stream: bybit watchOrderBookForSymbols(): for swap markets limit can be one of: [1,50,200,1000]
Error in order book stream: bybit watchOrderBookForSymbols(): for swap markets limit can be one of: [1,50,200,1000]
Error in order book stream: bybit watchOrderBookForSymbols(): for swap markets limit can be one of: [1,50,200,1000]
Error in order book stream: bybit watchOrderBookForSymbols(): for swap markets limit can be one of: [1,50,200,1000]
Error in order book stream: bybit watchOrderBookForSymbols(): for swap markets limit can be one of: [1,50,200,1000]
Error in order book stream: bybit watchOrderBookForSymbols(): for swap markets limit can be one of: [1,50,200,1000]
Error in order book stream: bybit watchOrderBookForSymbols(): for swap markets limit can be one of: [1,50,200,1000]
Error in order book stream: bybit watchOrderBookForSymbols(): for swap markets limit can be one of: [1,50,200,1000]
Error in order book stream: bybit watchOrderBookForSymbols(): for swap markets limit can be one of: [1,50,200,1000]
Error in order book stream: bybit watchOrderBookForSymbols(): for swap markets limit can be one of: [1,50,200,1000]
Error in order book stream: bybit watchOrderBookForSymbols(): for swap markets limit can be one of: [1,50,200,1000]
Error in order book stream: bybit watchOrderBookForSymbols(): for swap markets limit can be one of: [1,50,200,1000]
Error in order book stream: bybit watchOrderBookForSymbols(): for swap markets limit can be one of: [1,50,200,1000]
Error in order book stream: bybit watchOrderBookForSymbols(): for swap markets limit can be one of: [1,50,200,1000]
Error in order book stream: bybit watchOrderBookForSymbols(): for swap markets limit can be one of: [1,50,200,1000]
Error in order book stream: bybit watchOrderBookForSymbols(): for swap markets limit can be one of: [1,50,200,1000]
Error in order book stream: bybit watchOrderBookForSymbols(): for swap markets limit can be one of: [1,50,200,1000]
Error in order book stream: bybit watchOrderBookForSymbols(): for swap markets limit can be one of: [1,50,200,1000]
Error in order book stream: bybit watchOrderBookForSymbols(): for swap markets limit can be one of: [1,50,200,1000]
Error in order book stream: bybit watchOrderBookForSymbols(): for swap markets limit can be one of: [1,50,200,1000]
Error in order book stream: bybit watchOrderBookForSymbols(): for swap markets limit can be one of: [1,50,200,1000]
Error in order book stream: bybit watchOrderBookForSymbols(): for swap markets limit can be one of: [1,50,200,1000]
Error in order book stream: bybit watchOrderBookForSymbols(): for swap markets limit can be one of: [1,50,200,1000]
Error in order book stream: bybit watchOrderBookForSymbols(): for swap markets limit can be one of: [1,50,200,1000]
Error in order book stream: bybit watchOrderBookForSymbols(): for swap markets limit can be one of: [1,50,200,1000]
Error in order book stream: bybit watchOrderBookForSymbols(): for swap markets limit can be one of: [1,50,200,1000]
Error in order book stream: bybit watchOrderBookForSymbols(): for swap markets limit can be one of: [1,50,200,1000]
Error in order book stream: bybit watchOrderBookForSymbols(): for swap markets limit can be one of: [1,50,200,1000]
Error in order book stream: bybit watchOrderBookForSymbols(): for swap markets limit can be one of: [1,50,200,1000]
Error in order book stream: bybit watchOrderBookForSymbols(): for swap markets limit can be one of: [1,50,200,1000]
Error in order book stream: bybit watchOrderBookForSymbols(): for swap markets limit can be one of: [1,50,200,1000]
Error in order book stream: bybit watchOrderBookForSymbols(): for swap markets limit can be one of: [1,50,200,1000]
Error in order book stream: bybit watchOrderBookForSymbols(): for swap markets limit can be one of: [1,50,200,1000]
Error in order book stream: bybit watchOrderBookForSymbols(): for swap markets limit can be one of: [1,50,200,1000]
Error in order book stream: bybit watchOrderBookForSymbols(): for swap markets limit can be one of: [1,50,200,1000]
Error in order book stream: bybit watchOrderBookForSymbols(): for swap markets limit can be one of: [1,50,200,1000]
Error in order book stream: bybit watchOrderBookForSymbols(): for swap markets limit can be one of: [1,50,200,1000]
Error in order book stream: bybit watchOrderBookForSymbols(): for swap markets limit can be one of: [1,50,200,1000]
Error in order book stream: bybit watchOrderBookForSymbols(): for swap markets limit can be one of: [1,50,200,1000]
Error in order book stream: bybit watchOrderBookForSymbols(): for swap markets limit can be one of: [1,50,200,1000]
Error in order book stream: bybit watchOrderBookForSymbols(): for swap markets limit can be one of: [1,50,200,1000]
Error in order book stream: bybit watchOrderBookForSymbols(): for swap markets limit can be one of: [1,50,200,1000]
Error in order book stream: bybit watchOrderBookForSymbols(): for swap markets limit can be one of: [1,50,200,1000]
INFO:     127.0.0.1:57926 - "POST /api/orderbook/stop HTTP/1.1" 200 OK
INFO:     127.0.0.1:40224 - "GET /total-core-v2 HTTP/1.1" 200 OK
INFO:     connection closed
INFO:     127.0.0.1:40224 - "GET /static/total-core-v2.js HTTP/1.1" 200 OK
INFO:     127.0.0.1:40224 - "GET /api/footprint/candles?symbol=BTCUSDT&exchange=binance&timeframe=1m&tick_size=1&ticks_per_row=1&limit=100&start_time=1764979200000 HTTP/1.1" 200 OK
INFO:     127.0.0.1:40230 - "GET /api/footprint/candles?symbol=BTCUSDT&exchange=bybit&timeframe=1m&tick_size=1&ticks_per_row=1&limit=100&start_time=1764979200000 HTTP/1.1" 200 OK
INFO:     127.0.0.1:42222 - "POST /api/orderbook/start?exchange=bybit&symbol=BTC%2FUSDT%3AUSDT&depth_limit=200 HTTP/1.1" 200 OK
INFO:     127.0.0.1:42234 - "WebSocket /api/orderbook/stream" [accepted]
INFO:     connection open
